Arguments: 
  /usr/bin/node /usr/share/yarn/bin/yarn.js add nodemon -D

PATH: 
  /usr/local/sbin:/usr/local/bin:/usr/sbin:/usr/bin:/sbin:/bin

Yarn version: 
  1.22.5

Node version: 
  12.22.1

Platform: 
  linux x64

Trace: 
  Error: getaddrinfo ENOTFOUND registry.yarnpkg.com
      at GetAddrInfoReqWrap.onlookup [as oncomplete] (dns.js:66:26)

npm manifest: 
  {
    "name": "hamburgueriath",
    "version": "1.0.0",
    "description": "agora vai",
    "main": "server.js",
    "author": "fi de quenga",
    "license": "MIT",
    "scripts": {
      "start": "nodemon hamburgueriath/api/server.js"
    
    },
    "dependencies": {
      "axios": "^0.21.3",
      "body-parser": "^1.19.0",
      "cors": "^2.8.5",
      "express": "^4.17.1",
      "path": "^0.12.7",
      "pg": "^8.7.1",
      "sequelize": "^6.6.5",
      "sequelize-cli": "^6.2.0"
    }
  }

yarn manifest: 
  No manifest

Lockfile: 
  No lockfile
